<?xml version="1.0" encoding="UTF-8"?>
<testng-results total="1" passed="1" failed="0" skipped="0">
  <reporter-output>
  </reporter-output>
  <suite started-at="2024-03-11T11:19:30Z" name="Default suite" finished-at="2024-03-11T11:19:38Z" duration-ms="8317">
    <groups>
    </groups>
    <test started-at="2024-03-11T11:19:30Z" name="Default test" finished-at="2024-03-11T11:19:38Z" duration-ms="8317">
      <class name="testcases.NewTest">
        <test-method signature="f()[pri:0, instance:testcases.NewTest@481ba2cf]" started-at="2024-03-11T16:49:30Z" name="f" finished-at="2024-03-11T16:49:38Z" duration-ms="8301" status="PASS">
          <reporter-output>
          </reporter-output>
        </test-method> <!-- f -->
      </class> <!-- testcases.NewTest -->
    </test> <!-- Default test -->
  </suite> <!-- Default suite -->
</testng-results>
